<?xml version="1.0" encoding="UTF-8"?>
<!-- Generated by org.testng.reporters.JUnitXMLReporter -->
<testsuite hostname="Bharats-MacBook-Pro.local" ignored="0" name="Default test" tests="2" failures="0" timestamp="23 Jan 2019 09:34:24 GMT" time="36.842" errors="0">
  <testcase name="loginAdminTest" time="5.82" classname="com.naveen.hashmap.loginTest_usingData"/>
  <testcase name="loginTeacherTest" time="5.773" classname="com.naveen.hashmap.loginTest_usingData"/>
</testsuite> <!-- Default test -->
