<?xml version="1.0" encoding="UTF-8"?>
<testng-results skipped="0" failed="0" ignored="0" total="2" passed="2">
  <reporter-output>
  </reporter-output>
  <suite name="Default suite" duration-ms="36842" started-at="2019-01-23T09:33:47Z" finished-at="2019-01-23T09:34:23Z">
    <groups>
    </groups>
    <test name="Default test" duration-ms="36842" started-at="2019-01-23T09:33:47Z" finished-at="2019-01-23T09:34:23Z">
      <class name="com.naveen.hashmap.loginTest_usingData">
        <test-method status="PASS" signature="setup()[pri:0, instance:com.naveen.hashmap.loginTest_usingData@2781e022]" name="setup" is-config="true" duration-ms="12344" started-at="2019-01-23T09:33:47Z" finished-at="2019-01-23T09:33:59Z">
          <reporter-output>
          </reporter-output>
        </test-method> <!-- setup -->
        <test-method status="PASS" signature="loginAdminTest()[pri:1, instance:com.naveen.hashmap.loginTest_usingData@2781e022]" name="loginAdminTest" duration-ms="5820" started-at="2019-01-23T09:33:59Z" finished-at="2019-01-23T09:34:05Z">
          <reporter-output>
          </reporter-output>
        </test-method> <!-- loginAdminTest -->
        <test-method status="PASS" signature="exitSetup()[pri:0, instance:com.naveen.hashmap.loginTest_usingData@2781e022]" name="exitSetup" is-config="true" duration-ms="145" started-at="2019-01-23T09:34:05Z" finished-at="2019-01-23T09:34:05Z">
          <reporter-output>
          </reporter-output>
        </test-method> <!-- exitSetup -->
        <test-method status="PASS" signature="setup()[pri:0, instance:com.naveen.hashmap.loginTest_usingData@2781e022]" name="setup" is-config="true" duration-ms="12620" started-at="2019-01-23T09:34:05Z" finished-at="2019-01-23T09:34:17Z">
          <reporter-output>
          </reporter-output>
        </test-method> <!-- setup -->
        <test-method status="PASS" signature="loginTeacherTest()[pri:2, instance:com.naveen.hashmap.loginTest_usingData@2781e022]" name="loginTeacherTest" duration-ms="5773" started-at="2019-01-23T09:34:17Z" finished-at="2019-01-23T09:34:23Z">
          <reporter-output>
          </reporter-output>
        </test-method> <!-- loginTeacherTest -->
        <test-method status="PASS" signature="exitSetup()[pri:0, instance:com.naveen.hashmap.loginTest_usingData@2781e022]" name="exitSetup" is-config="true" duration-ms="119" started-at="2019-01-23T09:34:23Z" finished-at="2019-01-23T09:34:23Z">
          <reporter-output>
          </reporter-output>
        </test-method> <!-- exitSetup -->
      </class> <!-- com.naveen.hashmap.loginTest_usingData -->
    </test> <!-- Default test -->
  </suite> <!-- Default suite -->
</testng-results>
